<?xml version="1.0" encoding="UTF-8"?>
<!-- Generated by org.testng.reporters.JUnitXMLReporter -->
<testsuite ignored="12" hostname="rahul-TravelMate-P214-52" failures="1" tests="5" name="CheckWeather" time="94.734" errors="0" timestamp="29 Jun 2021 17:35:57 GMT">
  <testcase classname="com.testVagrant.Test.APISuccessTest" name="verifyAPIStatus" time="1.675"/>
  <testcase classname="com.testVagrant.Test.TestTemperatureComparison" name="verifyWeatherComparison" time="10.331"/>
  <testcase classname="com.testVagrant.Test.TestTemperatureComparison" name="verifyWeatherComparisonWithVariance" time="66.383"/>
  <testcase classname="com.testVagrant.Test.NDTVHomePageTest" name="checkNDTVHomePage" time="0.823">
    <failure type="java.lang.AssertionError" message="expected [true] but found [false]">
      <![CDATA[java.lang.AssertionError: expected [true] but found [false]
at com.testVagrant.Test.NDTVHomePageTest.checkNDTVHomePage(NDTVHomePageTest.java:14)
at java.base/java.util.concurrent.ThreadPoolExecutor.runWorker(ThreadPoolExecutor.java:1130)
at java.base/java.util.concurrent.ThreadPoolExecutor$Worker.run(ThreadPoolExecutor.java:630)
at java.base/java.lang.Thread.run(Thread.java:832)
... Removed 14 stack frames]]>
    </failure>
  </testcase> <!-- checkNDTVHomePage -->
  <testcase classname="com.testVagrant.Test.VerifyWeatherPageNavigation" name="verifyWeatherPage" time="4.518"/>
  <testcase classname="com.testVagrant.Test.BaseTest" name="@AfterTest tearDown" time="0.0">
    <ignored/>
  </testcase> <!-- @AfterTest tearDown -->
  <testcase classname="com.testVagrant.Test.BaseTest" name="@AfterTest tearDown" time="0.0">
    <ignored/>
  </testcase> <!-- @AfterTest tearDown -->
  <testcase classname="com.testVagrant.Test.BaseTest" name="@AfterTest tearDown" time="0.0">
    <ignored/>
  </testcase> <!-- @AfterTest tearDown -->
  <testcase classname="com.testVagrant.Test.BaseTest" name="@AfterTest tearDown" time="0.0">
    <ignored/>
  </testcase> <!-- @AfterTest tearDown -->
  <testcase classname="com.testVagrant.Test.BaseTest" name="@BeforeTest driversetup" time="0.0">
    <ignored/>
  </testcase> <!-- @BeforeTest driversetup -->
  <testcase classname="com.testVagrant.Test.BaseTest" name="@BeforeTest driversetup" time="0.0">
    <ignored/>
  </testcase> <!-- @BeforeTest driversetup -->
  <testcase classname="com.testVagrant.Test.BaseTest" name="@BeforeTest driversetup" time="0.0">
    <ignored/>
  </testcase> <!-- @BeforeTest driversetup -->
  <testcase classname="com.testVagrant.Test.BaseTest" name="@BeforeTest driversetup" time="0.0">
    <ignored/>
  </testcase> <!-- @BeforeTest driversetup -->
  <testcase classname="com.testVagrant.Test.BaseTest" name="@BeforeSuite setup" time="0.0">
    <ignored/>
  </testcase> <!-- @BeforeSuite setup -->
  <testcase classname="com.testVagrant.Test.BaseTest" name="@BeforeSuite setup" time="0.0">
    <ignored/>
  </testcase> <!-- @BeforeSuite setup -->
  <testcase classname="com.testVagrant.Test.BaseTest" name="@BeforeSuite setup" time="0.0">
    <ignored/>
  </testcase> <!-- @BeforeSuite setup -->
  <testcase classname="com.testVagrant.Test.BaseTest" name="@BeforeSuite setup" time="0.0">
    <ignored/>
  </testcase> <!-- @BeforeSuite setup -->
</testsuite> <!-- CheckWeather -->
